<?xml version="1.0" encoding="UTF-8"?>
<!-- Generated by org.testng.reporters.JUnitXMLReporter -->
<testsuite ignored="0" hostname="LAPTOP-V2OEVV9T" failures="0" tests="10" name="Test" time="21.663" errors="0" timestamp="2022-05-20T14:43:54 IST">
  <testcase classname="Hybrid.Baseclass" name="@BeforeClass voidsetup" time="21.544">
    <failure type="org.openqa.selenium.WebDriverException" message="Timed out waiting for driver server to start.
Build info: version: &amp;apos;3.141.59&amp;apos;, revision: &amp;apos;e82be7d358&amp;apos;, time: &amp;apos;2018-11-14T08:17:03&amp;apos;
System info: host: &amp;apos;LAPTOP-V2OEVV9T&amp;apos;, ip: &amp;apos;192.168.29.129&amp;apos;, os.name: &amp;apos;Windows 10&amp;apos;, os.arch: &amp;apos;amd64&amp;apos;, os.version: &amp;apos;10.0&amp;apos;, java.version: &amp;apos;17.0.1&amp;apos;
Driver info: driver.version: ChromeDriver">
      <![CDATA[org.openqa.selenium.WebDriverException: Timed out waiting for driver server to start.
Build info: version: '3.141.59', revision: 'e82be7d358', time: '2018-11-14T08:17:03'
System info: host: 'LAPTOP-V2OEVV9T', ip: '192.168.29.129', os.name: 'Windows 10', os.arch: 'amd64', os.version: '10.0', java.version: '17.0.1'
Driver info: driver.version: ChromeDriver
at org.openqa.selenium.remote.service.DriverService.waitUntilAvailable(DriverService.java:202)
at org.openqa.selenium.remote.service.DriverService.start(DriverService.java:188)
at org.openqa.selenium.remote.service.DriverCommandExecutor.execute(DriverCommandExecutor.java:79)
at org.openqa.selenium.remote.RemoteWebDriver.execute(RemoteWebDriver.java:552)
at org.openqa.selenium.remote.RemoteWebDriver.startSession(RemoteWebDriver.java:213)
at org.openqa.selenium.remote.RemoteWebDriver.<init>(RemoteWebDriver.java:131)
at org.openqa.selenium.chrome.ChromeDriver.<init>(ChromeDriver.java:181)
at org.openqa.selenium.chrome.ChromeDriver.<init>(ChromeDriver.java:168)
at org.openqa.selenium.chrome.ChromeDriver.<init>(ChromeDriver.java:123)
at Hybrid.BrowserFactory.startApplication(BrowserFactory.java:18)
at Hybrid.Baseclass.voidsetup(Baseclass.java:47)
at java.base/java.util.ArrayList.forEach(ArrayList.java:1511)
Caused by: org.openqa.selenium.net.UrlChecker$TimeoutException: Timed out waiting for [http://localhost:32572/status] to be available after 20007 ms
at org.openqa.selenium.net.UrlChecker.waitUntilAvailable(UrlChecker.java:100)
at org.openqa.selenium.remote.service.DriverService.waitUntilAvailable(DriverService.java:197)
... 36 more
Caused by: java.util.concurrent.TimeoutException
at java.base/java.util.concurrent.FutureTask.get(FutureTask.java:204)
at com.google.common.util.concurrent.SimpleTimeLimiter.callWithTimeout(SimpleTimeLimiter.java:156)
at org.openqa.selenium.net.UrlChecker.waitUntilAvailable(UrlChecker.java:75)
... 37 more
... Removed 25 stack frames]]>
    </failure>
  </testcase> <!-- @BeforeClass voidsetup -->
  <testcase classname="Hybrid.Baseclass" name="@AfterMethod terdown" time="-1.653038034627E9">
    <skipped/>
  </testcase> <!-- @AfterMethod terdown -->
  <testcase classname="Hybrid.Baseclass" name="@AfterMethod terdown" time="-1.653038034637E9">
    <skipped/>
  </testcase> <!-- @AfterMethod terdown -->
  <testcase classname="Hybrid.Baseclass" name="@AfterMethod terdown" time="-1.653038034645E9">
    <skipped/>
  </testcase> <!-- @AfterMethod terdown -->
  <testcase classname="Hybrid.Baseclass" name="@AfterMethod terdown" time="-1.653038034651E9">
    <skipped/>
  </testcase> <!-- @AfterMethod terdown -->
  <testcase classname="Hybrid.Baseclass" name="@AfterMethod terdown" time="-1.653038034657E9">
    <skipped/>
  </testcase> <!-- @AfterMethod terdown -->
  <testcase classname="Hybrid.Baseclass" name="@AfterMethod terdown" time="-1.653038034663E9">
    <skipped/>
  </testcase> <!-- @AfterMethod terdown -->
  <testcase classname="Hybrid.Baseclass" name="@AfterMethod terdown" time="-1.653038034669E9">
    <skipped/>
  </testcase> <!-- @AfterMethod terdown -->
  <testcase classname="Hybrid.Baseclass" name="@AfterMethod terdown" time="-1.653038034674E9">
    <skipped/>
  </testcase> <!-- @AfterMethod terdown -->
  <testcase classname="Hybrid.Baseclass" name="@AfterMethod terdown" time="-1.65303803468E9">
    <skipped/>
  </testcase> <!-- @AfterMethod terdown -->
  <testcase classname="Hybrid.Baseclass" name="@AfterMethod terdown" time="-1.653038034686E9">
    <skipped/>
  </testcase> <!-- @AfterMethod terdown -->
  <testcase classname="Hybrid.Baseclass" name="@AfterClass teardown" time="-1.653038034689E9">
    <skipped/>
  </testcase> <!-- @AfterClass teardown -->
  <testcase classname="Hybrid.logincrm" name="loginApp" time="0.0">
    <skipped/>
  </testcase> <!-- loginApp -->
  <testcase classname="Hybrid.logincrm" name="signupapp" time="0.001">
    <skipped/>
  </testcase> <!-- signupapp -->
  <testcase classname="Hybrid.logincrm" name="searchupapp" time="0.0">
    <skipped/>
  </testcase> <!-- searchupapp -->
  <testcase classname="Hybrid.logincrm" name="Bedapp" time="0.0">
    <skipped/>
  </testcase> <!-- Bedapp -->
  <testcase classname="Hybrid.logincrm" name="Bedappcart" time="0.0">
    <skipped/>
  </testcase> <!-- Bedappcart -->
  <testcase classname="Hybrid.logincrm" name="assertions" time="0.0">
    <skipped/>
  </testcase> <!-- assertions -->
  <testcase classname="Hybrid.logincrm" name="tvappcart" time="0.0">
    <skipped/>
  </testcase> <!-- tvappcart -->
  <testcase classname="Hybrid.logincrm" name="studyapp" time="0.0">
    <skipped/>
  </testcase> <!-- studyapp -->
  <testcase classname="Hybrid.logincrm" name="aboutapp" time="0.0">
    <skipped/>
  </testcase> <!-- aboutapp -->
  <testcase classname="Hybrid.logincrm" name="infoapp" time="0.0">
    <skipped/>
  </testcase> <!-- infoapp -->
</testsuite> <!-- Test -->
