<?xml version="1.0" encoding="UTF-8"?>
<!-- Generated by org.testng.reporters.JUnitXMLReporter -->
<testsuite ignored="0" hostname="LAPTOP-V2OEVV9T" failures="0" tests="10" name="Default test" time="20.477" errors="0" timestamp="2022-05-22T23:41:08 IST">
  <testcase classname="Hybrid.Baseclass" name="@BeforeClass voidsetup" time="20.398">
    <failure type="org.openqa.selenium.WebDriverException" message="Timed out waiting for driver server to start.
Build info: version: &amp;apos;3.141.59&amp;apos;, revision: &amp;apos;e82be7d358&amp;apos;, time: &amp;apos;2018-11-14T08:17:03&amp;apos;
System info: host: &amp;apos;LAPTOP-V2OEVV9T&amp;apos;, ip: &amp;apos;192.168.0.83&amp;apos;, os.name: &amp;apos;Windows 10&amp;apos;, os.arch: &amp;apos;amd64&amp;apos;, os.version: &amp;apos;10.0&amp;apos;, java.version: &amp;apos;17.0.1&amp;apos;
Driver info: driver.version: ChromeDriver">
      <![CDATA[org.openqa.selenium.WebDriverException: Timed out waiting for driver server to start.
Build info: version: '3.141.59', revision: 'e82be7d358', time: '2018-11-14T08:17:03'
System info: host: 'LAPTOP-V2OEVV9T', ip: '192.168.0.83', os.name: 'Windows 10', os.arch: 'amd64', os.version: '10.0', java.version: '17.0.1'
Driver info: driver.version: ChromeDriver
at org.openqa.selenium.remote.service.DriverService.waitUntilAvailable(DriverService.java:202)
at org.openqa.selenium.remote.service.DriverService.start(DriverService.java:188)
at org.openqa.selenium.remote.service.DriverCommandExecutor.execute(DriverCommandExecutor.java:79)
at org.openqa.selenium.remote.RemoteWebDriver.execute(RemoteWebDriver.java:552)
at org.openqa.selenium.remote.RemoteWebDriver.startSession(RemoteWebDriver.java:213)
at org.openqa.selenium.remote.RemoteWebDriver.<init>(RemoteWebDriver.java:131)
at org.openqa.selenium.chrome.ChromeDriver.<init>(ChromeDriver.java:181)
at org.openqa.selenium.chrome.ChromeDriver.<init>(ChromeDriver.java:168)
at org.openqa.selenium.chrome.ChromeDriver.<init>(ChromeDriver.java:123)
at Hybrid.BrowserFactory.startApplication(BrowserFactory.java:18)
at Hybrid.Baseclass.voidsetup(Baseclass.java:47)
at java.base/jdk.internal.reflect.NativeMethodAccessorImpl.invoke0(Native Method)
at java.base/jdk.internal.reflect.NativeMethodAccessorImpl.invoke(NativeMethodAccessorImpl.java:77)
at java.base/jdk.internal.reflect.DelegatingMethodAccessorImpl.invoke(DelegatingMethodAccessorImpl.java:43)
at java.base/java.lang.reflect.Method.invoke(Method.java:568)
at org.testng.internal.MethodInvocationHelper.invokeMethod(MethodInvocationHelper.java:133)
at org.testng.internal.MethodInvocationHelper.invokeMethodConsideringTimeout(MethodInvocationHelper.java:62)
at org.testng.internal.ConfigInvoker.invokeConfigurationMethod(ConfigInvoker.java:385)
at org.testng.internal.ConfigInvoker.invokeConfigurations(ConfigInvoker.java:321)
at org.testng.internal.TestMethodWorker.invokeBeforeClassMethods(TestMethodWorker.java:176)
at org.testng.internal.TestMethodWorker.run(TestMethodWorker.java:122)
at java.base/java.util.ArrayList.forEach(ArrayList.java:1511)
at org.testng.TestRunner.privateRun(TestRunner.java:794)
at org.testng.TestRunner.run(TestRunner.java:596)
at org.testng.SuiteRunner.runTest(SuiteRunner.java:377)
at org.testng.SuiteRunner.runSequentially(SuiteRunner.java:371)
at org.testng.SuiteRunner.privateRun(SuiteRunner.java:332)
at org.testng.SuiteRunner.run(SuiteRunner.java:276)
at org.testng.SuiteRunnerWorker.runSuite(SuiteRunnerWorker.java:53)
at org.testng.SuiteRunnerWorker.run(SuiteRunnerWorker.java:96)
at org.testng.TestNG.runSuitesSequentially(TestNG.java:1212)
at org.testng.TestNG.runSuitesLocally(TestNG.java:1134)
at org.testng.TestNG.runSuites(TestNG.java:1063)
at org.testng.TestNG.run(TestNG.java:1031)
at org.testng.remote.AbstractRemoteTestNG.run(AbstractRemoteTestNG.java:115)
at org.testng.remote.RemoteTestNG.initAndRun(RemoteTestNG.java:251)
at org.testng.remote.RemoteTestNG.main(RemoteTestNG.java:77)
Caused by: org.openqa.selenium.net.UrlChecker$TimeoutException: Timed out waiting for [http://localhost:41078/status] to be available after 20001 ms
at org.openqa.selenium.net.UrlChecker.waitUntilAvailable(UrlChecker.java:100)
at org.openqa.selenium.remote.service.DriverService.waitUntilAvailable(DriverService.java:197)
... 36 more
Caused by: java.util.concurrent.TimeoutException
at java.base/java.util.concurrent.FutureTask.get(FutureTask.java:204)
at com.google.common.util.concurrent.SimpleTimeLimiter.callWithTimeout(SimpleTimeLimiter.java:156)
at org.openqa.selenium.net.UrlChecker.waitUntilAvailable(UrlChecker.java:75)
... 37 more
]]>
    </failure>
  </testcase> <!-- @BeforeClass voidsetup -->
  <testcase classname="Hybrid.Baseclass" name="@AfterMethod terdown" time="-1.653243068182E9">
    <skipped/>
  </testcase> <!-- @AfterMethod terdown -->
  <testcase classname="Hybrid.Baseclass" name="@AfterMethod terdown" time="-1.65324306819E9">
    <skipped/>
  </testcase> <!-- @AfterMethod terdown -->
  <testcase classname="Hybrid.Baseclass" name="@AfterMethod terdown" time="-1.653243068194E9">
    <skipped/>
  </testcase> <!-- @AfterMethod terdown -->
  <testcase classname="Hybrid.Baseclass" name="@AfterMethod terdown" time="-1.653243068198E9">
    <skipped/>
  </testcase> <!-- @AfterMethod terdown -->
  <testcase classname="Hybrid.Baseclass" name="@AfterMethod terdown" time="-1.653243068203E9">
    <skipped/>
  </testcase> <!-- @AfterMethod terdown -->
  <testcase classname="Hybrid.Baseclass" name="@AfterMethod terdown" time="-1.653243068206E9">
    <skipped/>
  </testcase> <!-- @AfterMethod terdown -->
  <testcase classname="Hybrid.Baseclass" name="@AfterMethod terdown" time="-1.65324306821E9">
    <skipped/>
  </testcase> <!-- @AfterMethod terdown -->
  <testcase classname="Hybrid.Baseclass" name="@AfterMethod terdown" time="-1.653243068213E9">
    <skipped/>
  </testcase> <!-- @AfterMethod terdown -->
  <testcase classname="Hybrid.Baseclass" name="@AfterMethod terdown" time="-1.653243068218E9">
    <skipped/>
  </testcase> <!-- @AfterMethod terdown -->
  <testcase classname="Hybrid.Baseclass" name="@AfterMethod terdown" time="-1.65324306822E9">
    <skipped/>
  </testcase> <!-- @AfterMethod terdown -->
  <testcase classname="Hybrid.Baseclass" name="@AfterClass teardown" time="-1.653243068222E9">
    <skipped/>
  </testcase> <!-- @AfterClass teardown -->
  <testcase classname="Hybrid.logincrm" name="loginApp" time="0.0">
    <skipped/>
  </testcase> <!-- loginApp -->
  <testcase classname="Hybrid.logincrm" name="signupapp" time="0.0">
    <skipped/>
  </testcase> <!-- signupapp -->
  <testcase classname="Hybrid.logincrm" name="searchupapp" time="0.0">
    <skipped/>
  </testcase> <!-- searchupapp -->
  <testcase classname="Hybrid.logincrm" name="Bedapp" time="0.0">
    <skipped/>
  </testcase> <!-- Bedapp -->
  <testcase classname="Hybrid.logincrm" name="Bedappcart" time="0.0">
    <skipped/>
  </testcase> <!-- Bedappcart -->
  <testcase classname="Hybrid.logincrm" name="assertions" time="0.0">
    <skipped/>
  </testcase> <!-- assertions -->
  <testcase classname="Hybrid.logincrm" name="tvappcart" time="0.0">
    <skipped/>
  </testcase> <!-- tvappcart -->
  <testcase classname="Hybrid.logincrm" name="studyapp" time="0.0">
    <skipped/>
  </testcase> <!-- studyapp -->
  <testcase classname="Hybrid.logincrm" name="aboutapp" time="0.0">
    <skipped/>
  </testcase> <!-- aboutapp -->
  <testcase classname="Hybrid.logincrm" name="infoapp" time="0.0">
    <skipped/>
  </testcase> <!-- infoapp -->
</testsuite> <!-- Default test -->
